[2012-07-21 06:45:32] request.ERROR: Symfony\Component\HttpKernel\Exception\NotFoundHttpException: No route found for "GET /" (uncaught exception) at C:\wamp\www\ocw-manager\vendor\symfony\src\Symfony\Bundle\FrameworkBundle\EventListener\RouterListener.php line 83 [] []
[2012-07-22 02:30:22] request.ERROR: Symfony\Component\HttpKernel\Exception\NotFoundHttpException: No route found for "GET /" (uncaught exception) at C:\wamp\www\ocw-manager\vendor\symfony\src\Symfony\Bundle\FrameworkBundle\EventListener\RouterListener.php line 83 [] []
[2012-07-22 21:10:54] request.ERROR: Symfony\Component\HttpKernel\Exception\NotFoundHttpException: No route found for "GET /" (uncaught exception) at C:\wamp\www\ocw-manager\app\cache\prod\classes.php line 4584 [] []
[2012-07-23 11:27:50] request.ERROR: Symfony\Component\HttpKernel\Exception\NotFoundHttpException: No route found for "GET /images/slide1.jpg" (uncaught exception) at C:\wamp\www\ocw-manager\app\cache\prod\classes.php line 4584 [] []
[2012-07-23 11:27:50] request.ERROR: Symfony\Component\HttpKernel\Exception\NotFoundHttpException: No route found for "GET /images/slide2.jpg" (uncaught exception) at C:\wamp\www\ocw-manager\app\cache\prod\classes.php line 4584 [] []
[2012-07-23 11:27:50] request.ERROR: Symfony\Component\HttpKernel\Exception\NotFoundHttpException: No route found for "GET /images/slide3.jpg" (uncaught exception) at C:\wamp\www\ocw-manager\app\cache\prod\classes.php line 4584 [] []
[2012-07-23 11:27:50] request.ERROR: Symfony\Component\HttpKernel\Exception\NotFoundHttpException: No route found for "GET /images/slide5.jpg" (uncaught exception) at C:\wamp\www\ocw-manager\app\cache\prod\classes.php line 4584 [] []
[2012-07-23 11:27:50] request.ERROR: Symfony\Component\HttpKernel\Exception\NotFoundHttpException: No route found for "GET /images/slide4.jpg" (uncaught exception) at C:\wamp\www\ocw-manager\app\cache\prod\classes.php line 4584 [] []
[2012-07-23 11:27:50] request.ERROR: Symfony\Component\HttpKernel\Exception\NotFoundHttpException: No route found for "GET /js/nivo/jquery.orbit-1.2.3.min.js" (uncaught exception) at C:\wamp\www\ocw-manager\app\cache\prod\classes.php line 4584 [] []
[2012-07-23 11:29:26] request.ERROR: Symfony\Component\HttpKernel\Exception\NotFoundHttpException: No route found for "GET /images/slide1.jpg" (uncaught exception) at C:\wamp\www\ocw-manager\app\cache\prod\classes.php line 4584 [] []
[2012-07-23 11:29:26] request.ERROR: Symfony\Component\HttpKernel\Exception\NotFoundHttpException: No route found for "GET /images/slide4.jpg" (uncaught exception) at C:\wamp\www\ocw-manager\app\cache\prod\classes.php line 4584 [] []
[2012-07-23 11:29:26] request.ERROR: Symfony\Component\HttpKernel\Exception\NotFoundHttpException: No route found for "GET /js/nivo/jquery.orbit-1.2.3.min.js" (uncaught exception) at C:\wamp\www\ocw-manager\app\cache\prod\classes.php line 4584 [] []
[2012-07-23 11:29:26] request.ERROR: Symfony\Component\HttpKernel\Exception\NotFoundHttpException: No route found for "GET /images/slide2.jpg" (uncaught exception) at C:\wamp\www\ocw-manager\app\cache\prod\classes.php line 4584 [] []
[2012-07-23 11:29:26] request.ERROR: Symfony\Component\HttpKernel\Exception\NotFoundHttpException: No route found for "GET /images/slide5.jpg" (uncaught exception) at C:\wamp\www\ocw-manager\app\cache\prod\classes.php line 4584 [] []
[2012-07-23 11:29:26] request.ERROR: Symfony\Component\HttpKernel\Exception\NotFoundHttpException: No route found for "GET /images/slide3.jpg" (uncaught exception) at C:\wamp\www\ocw-manager\app\cache\prod\classes.php line 4584 [] []
[2012-07-23 11:35:12] request.ERROR: Symfony\Component\HttpKernel\Exception\NotFoundHttpException: No route found for "GET /images/slide2.jpg" (uncaught exception) at C:\wamp\www\ocw-manager\app\cache\prod\classes.php line 4584 [] []
[2012-07-23 11:35:12] request.ERROR: Symfony\Component\HttpKernel\Exception\NotFoundHttpException: No route found for "GET /images/slide1.jpg" (uncaught exception) at C:\wamp\www\ocw-manager\app\cache\prod\classes.php line 4584 [] []
[2012-07-23 11:35:12] request.ERROR: Symfony\Component\HttpKernel\Exception\NotFoundHttpException: No route found for "GET /js/nivo/jquery.orbit-1.2.3.min.js" (uncaught exception) at C:\wamp\www\ocw-manager\app\cache\prod\classes.php line 4584 [] []
[2012-07-23 11:35:12] request.ERROR: Symfony\Component\HttpKernel\Exception\NotFoundHttpException: No route found for "GET /images/slide3.jpg" (uncaught exception) at C:\wamp\www\ocw-manager\app\cache\prod\classes.php line 4584 [] []
[2012-07-23 11:35:12] request.ERROR: Symfony\Component\HttpKernel\Exception\NotFoundHttpException: No route found for "GET /images/slide4.jpg" (uncaught exception) at C:\wamp\www\ocw-manager\app\cache\prod\classes.php line 4584 [] []
[2012-07-23 11:35:12] request.ERROR: Symfony\Component\HttpKernel\Exception\NotFoundHttpException: No route found for "GET /images/slide5.jpg" (uncaught exception) at C:\wamp\www\ocw-manager\app\cache\prod\classes.php line 4584 [] []
[2012-07-23 11:35:41] request.ERROR: Symfony\Component\HttpKernel\Exception\NotFoundHttpException: No route found for "GET /images/slide4.jpg" (uncaught exception) at C:\wamp\www\ocw-manager\app\cache\prod\classes.php line 4584 [] []
[2012-07-23 11:35:41] request.ERROR: Symfony\Component\HttpKernel\Exception\NotFoundHttpException: No route found for "GET /images/slide3.jpg" (uncaught exception) at C:\wamp\www\ocw-manager\app\cache\prod\classes.php line 4584 [] []
[2012-07-23 11:35:42] request.ERROR: Symfony\Component\HttpKernel\Exception\NotFoundHttpException: No route found for "GET /images/slide1.jpg" (uncaught exception) at C:\wamp\www\ocw-manager\app\cache\prod\classes.php line 4584 [] []
[2012-07-23 11:35:42] request.ERROR: Symfony\Component\HttpKernel\Exception\NotFoundHttpException: No route found for "GET /images/slide5.jpg" (uncaught exception) at C:\wamp\www\ocw-manager\app\cache\prod\classes.php line 4584 [] []
[2012-07-23 11:35:42] request.ERROR: Symfony\Component\HttpKernel\Exception\NotFoundHttpException: No route found for "GET /images/slide2.jpg" (uncaught exception) at C:\wamp\www\ocw-manager\app\cache\prod\classes.php line 4584 [] []
[2012-07-23 11:35:42] request.ERROR: Symfony\Component\HttpKernel\Exception\NotFoundHttpException: No route found for "GET /js/nivo/jquery.orbit-1.2.3.min.js" (uncaught exception) at C:\wamp\www\ocw-manager\app\cache\prod\classes.php line 4584 [] []
[2012-07-23 11:36:15] request.ERROR: Symfony\Component\HttpKernel\Exception\NotFoundHttpException: No route found for "GET /images/slide3.jpg" (uncaught exception) at C:\wamp\www\ocw-manager\app\cache\prod\classes.php line 4584 [] []
[2012-07-23 11:36:15] request.ERROR: Symfony\Component\HttpKernel\Exception\NotFoundHttpException: No route found for "GET /images/slide4.jpg" (uncaught exception) at C:\wamp\www\ocw-manager\app\cache\prod\classes.php line 4584 [] []
[2012-07-23 11:36:15] request.ERROR: Symfony\Component\HttpKernel\Exception\NotFoundHttpException: No route found for "GET /images/slide5.jpg" (uncaught exception) at C:\wamp\www\ocw-manager\app\cache\prod\classes.php line 4584 [] []
[2012-07-23 11:36:15] request.ERROR: Symfony\Component\HttpKernel\Exception\NotFoundHttpException: No route found for "GET /images/slide2.jpg" (uncaught exception) at C:\wamp\www\ocw-manager\app\cache\prod\classes.php line 4584 [] []
[2012-07-23 11:36:15] request.ERROR: Symfony\Component\HttpKernel\Exception\NotFoundHttpException: No route found for "GET /js/nivo/jquery.orbit-1.2.3.min.js" (uncaught exception) at C:\wamp\www\ocw-manager\app\cache\prod\classes.php line 4584 [] []
[2012-07-23 11:36:15] request.ERROR: Symfony\Component\HttpKernel\Exception\NotFoundHttpException: No route found for "GET /images/slide1.jpg" (uncaught exception) at C:\wamp\www\ocw-manager\app\cache\prod\classes.php line 4584 [] []
[2012-07-23 11:36:43] request.ERROR: Symfony\Component\HttpKernel\Exception\NotFoundHttpException: No route found for "GET /images/slide4.jpg" (uncaught exception) at C:\wamp\www\ocw-manager\app\cache\prod\classes.php line 4584 [] []
[2012-07-23 11:36:43] request.ERROR: Symfony\Component\HttpKernel\Exception\NotFoundHttpException: No route found for "GET /images/slide2.jpg" (uncaught exception) at C:\wamp\www\ocw-manager\app\cache\prod\classes.php line 4584 [] []
[2012-07-23 11:36:43] request.ERROR: Symfony\Component\HttpKernel\Exception\NotFoundHttpException: No route found for "GET /js/nivo/jquery.orbit-1.2.3.min.js" (uncaught exception) at C:\wamp\www\ocw-manager\app\cache\prod\classes.php line 4584 [] []
[2012-07-23 11:36:43] request.ERROR: Symfony\Component\HttpKernel\Exception\NotFoundHttpException: No route found for "GET /images/slide1.jpg" (uncaught exception) at C:\wamp\www\ocw-manager\app\cache\prod\classes.php line 4584 [] []
[2012-07-23 11:36:44] request.ERROR: Symfony\Component\HttpKernel\Exception\NotFoundHttpException: No route found for "GET /images/slide3.jpg" (uncaught exception) at C:\wamp\www\ocw-manager\app\cache\prod\classes.php line 4584 [] []
[2012-07-23 11:36:44] request.ERROR: Symfony\Component\HttpKernel\Exception\NotFoundHttpException: No route found for "GET /images/slide5.jpg" (uncaught exception) at C:\wamp\www\ocw-manager\app\cache\prod\classes.php line 4584 [] []
[2012-07-23 11:40:08] request.ERROR: Symfony\Component\HttpKernel\Exception\NotFoundHttpException: No route found for "GET /images/slide3.jpg" (uncaught exception) at C:\wamp\www\ocw-manager\app\cache\prod\classes.php line 4584 [] []
[2012-07-23 11:40:08] request.ERROR: Symfony\Component\HttpKernel\Exception\NotFoundHttpException: No route found for "GET /js/nivo/jquery.orbit-1.2.3.min.js" (uncaught exception) at C:\wamp\www\ocw-manager\app\cache\prod\classes.php line 4584 [] []
[2012-07-23 11:40:08] request.ERROR: Symfony\Component\HttpKernel\Exception\NotFoundHttpException: No route found for "GET /images/slide5.jpg" (uncaught exception) at C:\wamp\www\ocw-manager\app\cache\prod\classes.php line 4584 [] []
[2012-07-23 11:40:08] request.ERROR: Symfony\Component\HttpKernel\Exception\NotFoundHttpException: No route found for "GET /images/slide1.jpg" (uncaught exception) at C:\wamp\www\ocw-manager\app\cache\prod\classes.php line 4584 [] []
[2012-07-23 11:40:08] request.ERROR: Symfony\Component\HttpKernel\Exception\NotFoundHttpException: No route found for "GET /images/slide4.jpg" (uncaught exception) at C:\wamp\www\ocw-manager\app\cache\prod\classes.php line 4584 [] []
[2012-07-23 11:40:08] request.ERROR: Symfony\Component\HttpKernel\Exception\NotFoundHttpException: No route found for "GET /images/slide2.jpg" (uncaught exception) at C:\wamp\www\ocw-manager\app\cache\prod\classes.php line 4584 [] []
[2012-07-23 11:40:59] request.ERROR: Symfony\Component\HttpKernel\Exception\NotFoundHttpException: No route found for "GET /images/slide2.jpg" (uncaught exception) at C:\wamp\www\ocw-manager\app\cache\prod\classes.php line 4584 [] []
[2012-07-23 11:40:59] request.ERROR: Symfony\Component\HttpKernel\Exception\NotFoundHttpException: No route found for "GET /images/slide3.jpg" (uncaught exception) at C:\wamp\www\ocw-manager\app\cache\prod\classes.php line 4584 [] []
[2012-07-23 11:41:00] request.ERROR: Symfony\Component\HttpKernel\Exception\NotFoundHttpException: No route found for "GET /js/nivo/jquery.orbit-1.2.3.min.js" (uncaught exception) at C:\wamp\www\ocw-manager\app\cache\prod\classes.php line 4584 [] []
[2012-07-23 11:41:00] request.ERROR: Symfony\Component\HttpKernel\Exception\NotFoundHttpException: No route found for "GET /images/slide4.jpg" (uncaught exception) at C:\wamp\www\ocw-manager\app\cache\prod\classes.php line 4584 [] []
[2012-07-23 11:41:00] request.ERROR: Symfony\Component\HttpKernel\Exception\NotFoundHttpException: No route found for "GET /images/slide1.jpg" (uncaught exception) at C:\wamp\www\ocw-manager\app\cache\prod\classes.php line 4584 [] []
[2012-07-23 11:41:00] request.ERROR: Symfony\Component\HttpKernel\Exception\NotFoundHttpException: No route found for "GET /images/slide5.jpg" (uncaught exception) at C:\wamp\www\ocw-manager\app\cache\prod\classes.php line 4584 [] []
[2012-07-23 11:51:18] request.ERROR: Symfony\Component\HttpKernel\Exception\NotFoundHttpException: No route found for "GET /images/slide2.jpg" (uncaught exception) at C:\wamp\www\ocw-manager\app\cache\prod\classes.php line 4584 [] []
[2012-07-23 11:51:18] request.ERROR: Symfony\Component\HttpKernel\Exception\NotFoundHttpException: No route found for "GET /images/slide1.jpg" (uncaught exception) at C:\wamp\www\ocw-manager\app\cache\prod\classes.php line 4584 [] []
[2012-07-23 11:51:18] request.ERROR: Symfony\Component\HttpKernel\Exception\NotFoundHttpException: No route found for "GET /images/slide5.jpg" (uncaught exception) at C:\wamp\www\ocw-manager\app\cache\prod\classes.php line 4584 [] []
[2012-07-23 11:51:18] request.ERROR: Symfony\Component\HttpKernel\Exception\NotFoundHttpException: No route found for "GET /js/nivo/jquery.orbit-1.2.3.min.js" (uncaught exception) at C:\wamp\www\ocw-manager\app\cache\prod\classes.php line 4584 [] []
[2012-07-23 11:51:18] request.ERROR: Symfony\Component\HttpKernel\Exception\NotFoundHttpException: No route found for "GET /images/slide4.jpg" (uncaught exception) at C:\wamp\www\ocw-manager\app\cache\prod\classes.php line 4584 [] []
[2012-07-23 11:51:18] request.ERROR: Symfony\Component\HttpKernel\Exception\NotFoundHttpException: No route found for "GET /images/slide3.jpg" (uncaught exception) at C:\wamp\www\ocw-manager\app\cache\prod\classes.php line 4584 [] []
[2012-07-23 11:51:43] request.ERROR: Symfony\Component\HttpKernel\Exception\NotFoundHttpException: No route found for "GET /images/slide5.jpg" (uncaught exception) at C:\wamp\www\ocw-manager\app\cache\prod\classes.php line 4584 [] []
[2012-07-23 11:51:44] request.ERROR: Symfony\Component\HttpKernel\Exception\NotFoundHttpException: No route found for "GET /images/slide2.jpg" (uncaught exception) at C:\wamp\www\ocw-manager\app\cache\prod\classes.php line 4584 [] []
[2012-07-23 11:51:44] request.ERROR: Symfony\Component\HttpKernel\Exception\NotFoundHttpException: No route found for "GET /images/slide4.jpg" (uncaught exception) at C:\wamp\www\ocw-manager\app\cache\prod\classes.php line 4584 [] []
[2012-07-23 11:51:44] request.ERROR: Symfony\Component\HttpKernel\Exception\NotFoundHttpException: No route found for "GET /images/slide3.jpg" (uncaught exception) at C:\wamp\www\ocw-manager\app\cache\prod\classes.php line 4584 [] []
[2012-07-23 11:51:44] request.ERROR: Symfony\Component\HttpKernel\Exception\NotFoundHttpException: No route found for "GET /js/nivo/jquery.orbit-1.2.3.min.js" (uncaught exception) at C:\wamp\www\ocw-manager\app\cache\prod\classes.php line 4584 [] []
[2012-07-23 11:51:44] request.ERROR: Symfony\Component\HttpKernel\Exception\NotFoundHttpException: No route found for "GET /images/slide1.jpg" (uncaught exception) at C:\wamp\www\ocw-manager\app\cache\prod\classes.php line 4584 [] []
[2012-07-23 11:52:33] request.ERROR: Symfony\Component\HttpKernel\Exception\NotFoundHttpException: No route found for "GET /images/slide3.jpg" (uncaught exception) at C:\wamp\www\ocw-manager\app\cache\prod\classes.php line 4584 [] []
[2012-07-23 11:52:33] request.ERROR: Symfony\Component\HttpKernel\Exception\NotFoundHttpException: No route found for "GET /images/slide2.jpg" (uncaught exception) at C:\wamp\www\ocw-manager\app\cache\prod\classes.php line 4584 [] []
[2012-07-23 11:52:33] request.ERROR: Symfony\Component\HttpKernel\Exception\NotFoundHttpException: No route found for "GET /images/slide1.jpg" (uncaught exception) at C:\wamp\www\ocw-manager\app\cache\prod\classes.php line 4584 [] []
[2012-07-23 11:52:33] request.ERROR: Symfony\Component\HttpKernel\Exception\NotFoundHttpException: No route found for "GET /images/slide5.jpg" (uncaught exception) at C:\wamp\www\ocw-manager\app\cache\prod\classes.php line 4584 [] []
[2012-07-23 11:52:33] request.ERROR: Symfony\Component\HttpKernel\Exception\NotFoundHttpException: No route found for "GET /images/slide4.jpg" (uncaught exception) at C:\wamp\www\ocw-manager\app\cache\prod\classes.php line 4584 [] []
[2012-07-23 11:52:33] request.ERROR: Symfony\Component\HttpKernel\Exception\NotFoundHttpException: No route found for "GET /js/nivo/jquery.orbit-1.2.3.min.js" (uncaught exception) at C:\wamp\www\ocw-manager\app\cache\prod\classes.php line 4584 [] []
[2012-07-23 11:53:53] request.ERROR: Symfony\Component\HttpKernel\Exception\NotFoundHttpException: No route found for "GET /images/slide3.jpg" (uncaught exception) at C:\wamp\www\ocw-manager\app\cache\prod\classes.php line 4584 [] []
[2012-07-23 11:53:53] request.ERROR: Symfony\Component\HttpKernel\Exception\NotFoundHttpException: No route found for "GET /images/slide4.jpg" (uncaught exception) at C:\wamp\www\ocw-manager\app\cache\prod\classes.php line 4584 [] []
[2012-07-23 11:53:53] request.ERROR: Symfony\Component\HttpKernel\Exception\NotFoundHttpException: No route found for "GET /js/nivo/jquery.orbit-1.2.3.min.js" (uncaught exception) at C:\wamp\www\ocw-manager\app\cache\prod\classes.php line 4584 [] []
[2012-07-23 11:53:53] request.ERROR: Symfony\Component\HttpKernel\Exception\NotFoundHttpException: No route found for "GET /images/slide2.jpg" (uncaught exception) at C:\wamp\www\ocw-manager\app\cache\prod\classes.php line 4584 [] []
[2012-07-23 11:53:53] request.ERROR: Symfony\Component\HttpKernel\Exception\NotFoundHttpException: No route found for "GET /images/slide5.jpg" (uncaught exception) at C:\wamp\www\ocw-manager\app\cache\prod\classes.php line 4584 [] []
[2012-07-23 11:53:53] request.ERROR: Symfony\Component\HttpKernel\Exception\NotFoundHttpException: No route found for "GET /images/slide1.jpg" (uncaught exception) at C:\wamp\www\ocw-manager\app\cache\prod\classes.php line 4584 [] []
[2012-07-23 11:54:32] request.ERROR: Symfony\Component\HttpKernel\Exception\NotFoundHttpException: No route found for "GET /images/slide1.jpg" (uncaught exception) at C:\wamp\www\ocw-manager\app\cache\prod\classes.php line 4584 [] []
[2012-07-23 11:54:32] request.ERROR: Symfony\Component\HttpKernel\Exception\NotFoundHttpException: No route found for "GET /images/slide3.jpg" (uncaught exception) at C:\wamp\www\ocw-manager\app\cache\prod\classes.php line 4584 [] []
[2012-07-23 11:54:32] request.ERROR: Symfony\Component\HttpKernel\Exception\NotFoundHttpException: No route found for "GET /js/nivo/jquery.orbit-1.2.3.min.js" (uncaught exception) at C:\wamp\www\ocw-manager\app\cache\prod\classes.php line 4584 [] []
[2012-07-23 11:54:32] request.ERROR: Symfony\Component\HttpKernel\Exception\NotFoundHttpException: No route found for "GET /images/slide2.jpg" (uncaught exception) at C:\wamp\www\ocw-manager\app\cache\prod\classes.php line 4584 [] []
[2012-07-23 11:54:32] request.ERROR: Symfony\Component\HttpKernel\Exception\NotFoundHttpException: No route found for "GET /images/slide5.jpg" (uncaught exception) at C:\wamp\www\ocw-manager\app\cache\prod\classes.php line 4584 [] []
[2012-07-23 11:54:32] request.ERROR: Symfony\Component\HttpKernel\Exception\NotFoundHttpException: No route found for "GET /images/slide4.jpg" (uncaught exception) at C:\wamp\www\ocw-manager\app\cache\prod\classes.php line 4584 [] []
[2012-07-23 11:54:59] request.ERROR: Symfony\Component\HttpKernel\Exception\NotFoundHttpException: No route found for "GET /js/nivo/jquery.orbit-1.2.3.min.js" (uncaught exception) at C:\wamp\www\ocw-manager\app\cache\prod\classes.php line 4584 [] []
[2012-07-23 11:55:00] request.ERROR: Symfony\Component\HttpKernel\Exception\NotFoundHttpException: No route found for "GET /images/slide1.jpg" (uncaught exception) at C:\wamp\www\ocw-manager\app\cache\prod\classes.php line 4584 [] []
[2012-07-23 11:55:00] request.ERROR: Symfony\Component\HttpKernel\Exception\NotFoundHttpException: No route found for "GET /images/slide4.jpg" (uncaught exception) at C:\wamp\www\ocw-manager\app\cache\prod\classes.php line 4584 [] []
[2012-07-23 11:55:00] request.ERROR: Symfony\Component\HttpKernel\Exception\NotFoundHttpException: No route found for "GET /images/slide3.jpg" (uncaught exception) at C:\wamp\www\ocw-manager\app\cache\prod\classes.php line 4584 [] []
[2012-07-23 11:55:00] request.ERROR: Symfony\Component\HttpKernel\Exception\NotFoundHttpException: No route found for "GET /images/slide5.jpg" (uncaught exception) at C:\wamp\www\ocw-manager\app\cache\prod\classes.php line 4584 [] []
[2012-07-23 11:55:00] request.ERROR: Symfony\Component\HttpKernel\Exception\NotFoundHttpException: No route found for "GET /images/slide2.jpg" (uncaught exception) at C:\wamp\www\ocw-manager\app\cache\prod\classes.php line 4584 [] []
[2012-07-23 11:55:32] request.ERROR: Symfony\Component\HttpKernel\Exception\NotFoundHttpException: No route found for "GET /js/nivo/jquery.orbit-1.2.3.min.js" (uncaught exception) at C:\wamp\www\ocw-manager\app\cache\prod\classes.php line 4584 [] []
[2012-07-23 11:55:33] request.ERROR: Symfony\Component\HttpKernel\Exception\NotFoundHttpException: No route found for "GET /images/slide3.jpg" (uncaught exception) at C:\wamp\www\ocw-manager\app\cache\prod\classes.php line 4584 [] []
[2012-07-23 11:55:33] request.ERROR: Symfony\Component\HttpKernel\Exception\NotFoundHttpException: No route found for "GET /images/slide5.jpg" (uncaught exception) at C:\wamp\www\ocw-manager\app\cache\prod\classes.php line 4584 [] []
[2012-07-23 11:55:33] request.ERROR: Symfony\Component\HttpKernel\Exception\NotFoundHttpException: No route found for "GET /images/slide2.jpg" (uncaught exception) at C:\wamp\www\ocw-manager\app\cache\prod\classes.php line 4584 [] []
[2012-07-23 11:55:33] request.ERROR: Symfony\Component\HttpKernel\Exception\NotFoundHttpException: No route found for "GET /images/slide4.jpg" (uncaught exception) at C:\wamp\www\ocw-manager\app\cache\prod\classes.php line 4584 [] []
[2012-07-23 11:55:33] request.ERROR: Symfony\Component\HttpKernel\Exception\NotFoundHttpException: No route found for "GET /images/slide1.jpg" (uncaught exception) at C:\wamp\www\ocw-manager\app\cache\prod\classes.php line 4584 [] []
[2012-07-23 11:56:07] request.ERROR: Symfony\Component\HttpKernel\Exception\NotFoundHttpException: No route found for "GET /images/slide1.jpg" (uncaught exception) at C:\wamp\www\ocw-manager\app\cache\prod\classes.php line 4584 [] []
[2012-07-23 11:56:07] request.ERROR: Symfony\Component\HttpKernel\Exception\NotFoundHttpException: No route found for "GET /images/slide2.jpg" (uncaught exception) at C:\wamp\www\ocw-manager\app\cache\prod\classes.php line 4584 [] []
[2012-07-23 11:56:07] request.ERROR: Symfony\Component\HttpKernel\Exception\NotFoundHttpException: No route found for "GET /images/slide3.jpg" (uncaught exception) at C:\wamp\www\ocw-manager\app\cache\prod\classes.php line 4584 [] []
[2012-07-23 11:56:07] request.ERROR: Symfony\Component\HttpKernel\Exception\NotFoundHttpException: No route found for "GET /js/nivo/jquery.orbit-1.2.3.min.js" (uncaught exception) at C:\wamp\www\ocw-manager\app\cache\prod\classes.php line 4584 [] []
[2012-07-23 11:56:07] request.ERROR: Symfony\Component\HttpKernel\Exception\NotFoundHttpException: No route found for "GET /images/slide4.jpg" (uncaught exception) at C:\wamp\www\ocw-manager\app\cache\prod\classes.php line 4584 [] []
[2012-07-23 11:56:07] request.ERROR: Symfony\Component\HttpKernel\Exception\NotFoundHttpException: No route found for "GET /images/slide5.jpg" (uncaught exception) at C:\wamp\www\ocw-manager\app\cache\prod\classes.php line 4584 [] []
[2012-07-23 11:56:19] request.ERROR: Symfony\Component\HttpKernel\Exception\NotFoundHttpException: No route found for "GET /images/slide2.jpg" (uncaught exception) at C:\wamp\www\ocw-manager\app\cache\prod\classes.php line 4584 [] []
[2012-07-23 11:56:20] request.ERROR: Symfony\Component\HttpKernel\Exception\NotFoundHttpException: No route found for "GET /images/slide3.jpg" (uncaught exception) at C:\wamp\www\ocw-manager\app\cache\prod\classes.php line 4584 [] []
[2012-07-23 11:56:20] request.ERROR: Symfony\Component\HttpKernel\Exception\NotFoundHttpException: No route found for "GET /images/slide1.jpg" (uncaught exception) at C:\wamp\www\ocw-manager\app\cache\prod\classes.php line 4584 [] []
[2012-07-23 11:56:20] request.ERROR: Symfony\Component\HttpKernel\Exception\NotFoundHttpException: No route found for "GET /images/slide5.jpg" (uncaught exception) at C:\wamp\www\ocw-manager\app\cache\prod\classes.php line 4584 [] []
[2012-07-23 11:56:20] request.ERROR: Symfony\Component\HttpKernel\Exception\NotFoundHttpException: No route found for "GET /images/slide4.jpg" (uncaught exception) at C:\wamp\www\ocw-manager\app\cache\prod\classes.php line 4584 [] []
[2012-07-23 11:56:20] request.ERROR: Symfony\Component\HttpKernel\Exception\NotFoundHttpException: No route found for "GET /js/nivo/jquery.orbit-1.2.3.min.js" (uncaught exception) at C:\wamp\www\ocw-manager\app\cache\prod\classes.php line 4584 [] []
[2012-07-23 11:57:53] request.ERROR: Symfony\Component\HttpKernel\Exception\NotFoundHttpException: No route found for "GET /images/slide1.jpg" (uncaught exception) at C:\wamp\www\ocw-manager\app\cache\prod\classes.php line 4584 [] []
[2012-07-23 11:57:53] request.ERROR: Symfony\Component\HttpKernel\Exception\NotFoundHttpException: No route found for "GET /images/slide5.jpg" (uncaught exception) at C:\wamp\www\ocw-manager\app\cache\prod\classes.php line 4584 [] []
[2012-07-23 11:57:53] request.ERROR: Symfony\Component\HttpKernel\Exception\NotFoundHttpException: No route found for "GET /images/slide4.jpg" (uncaught exception) at C:\wamp\www\ocw-manager\app\cache\prod\classes.php line 4584 [] []
[2012-07-23 11:57:54] request.ERROR: Symfony\Component\HttpKernel\Exception\NotFoundHttpException: No route found for "GET /images/slide2.jpg" (uncaught exception) at C:\wamp\www\ocw-manager\app\cache\prod\classes.php line 4584 [] []
[2012-07-23 11:57:54] request.ERROR: Symfony\Component\HttpKernel\Exception\NotFoundHttpException: No route found for "GET /js/nivo/jquery.orbit-1.2.3.min.js" (uncaught exception) at C:\wamp\www\ocw-manager\app\cache\prod\classes.php line 4584 [] []
[2012-07-23 11:57:54] request.ERROR: Symfony\Component\HttpKernel\Exception\NotFoundHttpException: No route found for "GET /images/slide3.jpg" (uncaught exception) at C:\wamp\www\ocw-manager\app\cache\prod\classes.php line 4584 [] []
[2012-07-23 12:13:04] request.ERROR: Symfony\Component\HttpKernel\Exception\NotFoundHttpException: No route found for "GET /images/slide3.jpg" (uncaught exception) at C:\wamp\www\ocw-manager\app\cache\prod\classes.php line 4584 [] []
[2012-07-23 12:13:04] request.ERROR: Symfony\Component\HttpKernel\Exception\NotFoundHttpException: No route found for "GET /images/slide5.jpg" (uncaught exception) at C:\wamp\www\ocw-manager\app\cache\prod\classes.php line 4584 [] []
[2012-07-23 12:13:04] request.ERROR: Symfony\Component\HttpKernel\Exception\NotFoundHttpException: No route found for "GET /images/slide1.jpg" (uncaught exception) at C:\wamp\www\ocw-manager\app\cache\prod\classes.php line 4584 [] []
[2012-07-23 12:13:05] request.ERROR: Symfony\Component\HttpKernel\Exception\NotFoundHttpException: No route found for "GET /images/slide2.jpg" (uncaught exception) at C:\wamp\www\ocw-manager\app\cache\prod\classes.php line 4584 [] []
[2012-07-23 12:13:05] request.ERROR: Symfony\Component\HttpKernel\Exception\NotFoundHttpException: No route found for "GET /images/slide4.jpg" (uncaught exception) at C:\wamp\www\ocw-manager\app\cache\prod\classes.php line 4584 [] []
[2012-07-23 12:13:05] request.ERROR: Symfony\Component\HttpKernel\Exception\NotFoundHttpException: No route found for "GET /js/nivo/jquery.orbit-1.2.3.min.js" (uncaught exception) at C:\wamp\www\ocw-manager\app\cache\prod\classes.php line 4584 [] []
[2012-07-23 12:16:55] request.ERROR: Symfony\Component\HttpKernel\Exception\NotFoundHttpException: No route found for "GET /images/slide5.jpg" (uncaught exception) at C:\wamp\www\ocw-manager\app\cache\prod\classes.php line 4584 [] []
[2012-07-23 12:16:55] request.ERROR: Symfony\Component\HttpKernel\Exception\NotFoundHttpException: No route found for "GET /js/nivo/jquery.orbit-1.2.3.min.js" (uncaught exception) at C:\wamp\www\ocw-manager\app\cache\prod\classes.php line 4584 [] []
[2012-07-23 12:16:55] request.ERROR: Symfony\Component\HttpKernel\Exception\NotFoundHttpException: No route found for "GET /images/slide4.jpg" (uncaught exception) at C:\wamp\www\ocw-manager\app\cache\prod\classes.php line 4584 [] []
[2012-07-23 12:16:55] request.ERROR: Symfony\Component\HttpKernel\Exception\NotFoundHttpException: No route found for "GET /images/slide1.jpg" (uncaught exception) at C:\wamp\www\ocw-manager\app\cache\prod\classes.php line 4584 [] []
[2012-07-23 12:16:55] request.ERROR: Symfony\Component\HttpKernel\Exception\NotFoundHttpException: No route found for "GET /images/slide3.jpg" (uncaught exception) at C:\wamp\www\ocw-manager\app\cache\prod\classes.php line 4584 [] []
[2012-07-23 12:16:55] request.ERROR: Symfony\Component\HttpKernel\Exception\NotFoundHttpException: No route found for "GET /images/slide2.jpg" (uncaught exception) at C:\wamp\www\ocw-manager\app\cache\prod\classes.php line 4584 [] []
[2012-07-31 01:19:22] request.ERROR: Symfony\Component\HttpKernel\Exception\NotFoundHttpException: No route found for "GET /js/nivo/jquery.orbit-1.2.3.min.js" (uncaught exception) at C:\wamp\www\ocw-manager\app\cache\prod\classes.php line 4584 [] []
[2012-07-31 01:19:22] request.ERROR: Symfony\Component\HttpKernel\Exception\NotFoundHttpException: No route found for "GET /images/slide3.jpg" (uncaught exception) at C:\wamp\www\ocw-manager\app\cache\prod\classes.php line 4584 [] []
[2012-07-31 01:19:23] request.ERROR: Symfony\Component\HttpKernel\Exception\NotFoundHttpException: No route found for "GET /js/nivo/jquery.nivo.slider.js" (uncaught exception) at C:\wamp\www\ocw-manager\app\cache\prod\classes.php line 4584 [] []
[2012-07-31 01:19:23] request.ERROR: Symfony\Component\HttpKernel\Exception\NotFoundHttpException: No route found for "GET /images/slide1.jpg" (uncaught exception) at C:\wamp\www\ocw-manager\app\cache\prod\classes.php line 4584 [] []
[2012-07-31 01:19:23] request.ERROR: Symfony\Component\HttpKernel\Exception\NotFoundHttpException: No route found for "GET /images/slide2.jpg" (uncaught exception) at C:\wamp\www\ocw-manager\app\cache\prod\classes.php line 4584 [] []
[2012-07-31 01:19:23] request.ERROR: Symfony\Component\HttpKernel\Exception\NotFoundHttpException: No route found for "GET /js/jquery-1.7.2.min.js" (uncaught exception) at C:\wamp\www\ocw-manager\app\cache\prod\classes.php line 4584 [] []
[2012-07-31 01:19:23] request.ERROR: Symfony\Component\HttpKernel\Exception\NotFoundHttpException: No route found for "GET /images/slide4.jpg" (uncaught exception) at C:\wamp\www\ocw-manager\app\cache\prod\classes.php line 4584 [] []
[2012-07-31 01:19:24] request.ERROR: Symfony\Component\HttpKernel\Exception\NotFoundHttpException: No route found for "GET /images/slide5.jpg" (uncaught exception) at C:\wamp\www\ocw-manager\app\cache\prod\classes.php line 4584 [] []
[2012-07-31 01:19:24] request.ERROR: Symfony\Component\HttpKernel\Exception\NotFoundHttpException: No route found for "GET /images/slide2.jpg" (uncaught exception) at C:\wamp\www\ocw-manager\app\cache\prod\classes.php line 4584 [] []
[2012-07-31 01:19:24] request.ERROR: Symfony\Component\HttpKernel\Exception\NotFoundHttpException: No route found for "GET /images/slide1.jpg" (uncaught exception) at C:\wamp\www\ocw-manager\app\cache\prod\classes.php line 4584 [] []
[2012-07-31 01:19:24] request.ERROR: Symfony\Component\HttpKernel\Exception\NotFoundHttpException: No route found for "GET /js/nivo/jquery.nivo.slider.js" (uncaught exception) at C:\wamp\www\ocw-manager\app\cache\prod\classes.php line 4584 [] []
[2012-07-31 01:19:25] request.ERROR: Symfony\Component\HttpKernel\Exception\NotFoundHttpException: No route found for "GET /images/slide3.jpg" (uncaught exception) at C:\wamp\www\ocw-manager\app\cache\prod\classes.php line 4584 [] []
[2012-07-31 01:19:25] request.ERROR: Symfony\Component\HttpKernel\Exception\NotFoundHttpException: No route found for "GET /js/nivo/jquery.orbit-1.2.3.min.js" (uncaught exception) at C:\wamp\www\ocw-manager\app\cache\prod\classes.php line 4584 [] []
[2012-07-31 03:08:37] request.ERROR: Symfony\Component\HttpKernel\Exception\NotFoundHttpException: No route found for "GET /js/jquery-1.7.2.min.js" (uncaught exception) at C:\wamp\www\ocw-manager\app\cache\prod\classes.php line 4584 [] []
[2012-07-31 03:08:37] request.ERROR: Symfony\Component\HttpKernel\Exception\NotFoundHttpException: No route found for "GET /images/slide3.jpg" (uncaught exception) at C:\wamp\www\ocw-manager\app\cache\prod\classes.php line 4584 [] []
[2012-07-31 03:08:38] request.ERROR: Symfony\Component\HttpKernel\Exception\NotFoundHttpException: No route found for "GET /images/slide1.jpg" (uncaught exception) at C:\wamp\www\ocw-manager\app\cache\prod\classes.php line 4584 [] []
[2012-07-31 03:08:38] request.ERROR: Symfony\Component\HttpKernel\Exception\NotFoundHttpException: No route found for "GET /images/slide2.jpg" (uncaught exception) at C:\wamp\www\ocw-manager\app\cache\prod\classes.php line 4584 [] []
[2012-07-31 03:08:38] request.ERROR: Symfony\Component\HttpKernel\Exception\NotFoundHttpException: No route found for "GET /images/slide4.jpg" (uncaught exception) at C:\wamp\www\ocw-manager\app\cache\prod\classes.php line 4584 [] []
[2012-07-31 03:08:38] request.ERROR: Symfony\Component\HttpKernel\Exception\NotFoundHttpException: No route found for "GET /images/slide5.jpg" (uncaught exception) at C:\wamp\www\ocw-manager\app\cache\prod\classes.php line 4584 [] []
[2012-07-31 03:08:38] request.ERROR: Symfony\Component\HttpKernel\Exception\NotFoundHttpException: No route found for "GET /js/nivo/jquery.nivo.slider.js" (uncaught exception) at C:\wamp\www\ocw-manager\app\cache\prod\classes.php line 4584 [] []
[2012-07-31 03:08:38] request.ERROR: Symfony\Component\HttpKernel\Exception\NotFoundHttpException: No route found for "GET /js/nivo/jquery.orbit-1.2.3.min.js" (uncaught exception) at C:\wamp\www\ocw-manager\app\cache\prod\classes.php line 4584 [] []
[2012-08-07 20:11:41] request.ERROR: Symfony\Component\HttpKernel\Exception\NotFoundHttpException: No route found for "GET /images/slide1.jpg" (uncaught exception) at C:\wamp\www\ocw-manager\app\cache\prod\classes.php line 4584 [] []
[2012-08-07 20:11:41] request.ERROR: Symfony\Component\HttpKernel\Exception\NotFoundHttpException: No route found for "GET /js/nivo/jquery.orbit-1.2.3.min.js" (uncaught exception) at C:\wamp\www\ocw-manager\app\cache\prod\classes.php line 4584 [] []
[2012-08-07 20:11:41] request.ERROR: Symfony\Component\HttpKernel\Exception\NotFoundHttpException: No route found for "GET /images/slide3.jpg" (uncaught exception) at C:\wamp\www\ocw-manager\app\cache\prod\classes.php line 4584 [] []
[2012-08-07 20:11:42] request.ERROR: Symfony\Component\HttpKernel\Exception\NotFoundHttpException: No route found for "GET /js/jquery-1.7.2.min.js" (uncaught exception) at C:\wamp\www\ocw-manager\app\cache\prod\classes.php line 4584 [] []
[2012-08-07 20:11:42] request.ERROR: Symfony\Component\HttpKernel\Exception\NotFoundHttpException: No route found for "GET /images/slide2.jpg" (uncaught exception) at C:\wamp\www\ocw-manager\app\cache\prod\classes.php line 4584 [] []
[2012-08-07 20:11:42] request.ERROR: Symfony\Component\HttpKernel\Exception\NotFoundHttpException: No route found for "GET /js/nivo/jquery.nivo.slider.js" (uncaught exception) at C:\wamp\www\ocw-manager\app\cache\prod\classes.php line 4584 [] []
[2012-08-07 20:11:42] request.ERROR: Symfony\Component\HttpKernel\Exception\NotFoundHttpException: No route found for "GET /images/slide4.jpg" (uncaught exception) at C:\wamp\www\ocw-manager\app\cache\prod\classes.php line 4584 [] []
[2012-08-07 20:11:43] request.ERROR: Symfony\Component\HttpKernel\Exception\NotFoundHttpException: No route found for "GET /images/slide5.jpg" (uncaught exception) at C:\wamp\www\ocw-manager\app\cache\prod\classes.php line 4584 [] []
[2012-08-07 20:11:43] request.ERROR: Symfony\Component\HttpKernel\Exception\NotFoundHttpException: No route found for "GET /images/slide1.jpg" (uncaught exception) at C:\wamp\www\ocw-manager\app\cache\prod\classes.php line 4584 [] []
[2012-08-07 20:11:43] request.ERROR: Symfony\Component\HttpKernel\Exception\NotFoundHttpException: No route found for "GET /images/slide3.jpg" (uncaught exception) at C:\wamp\www\ocw-manager\app\cache\prod\classes.php line 4584 [] []
[2012-08-07 20:11:43] request.ERROR: Symfony\Component\HttpKernel\Exception\NotFoundHttpException: No route found for "GET /js/nivo/jquery.orbit-1.2.3.min.js" (uncaught exception) at C:\wamp\www\ocw-manager\app\cache\prod\classes.php line 4584 [] []
[2012-08-07 20:14:18] request.ERROR: Symfony\Component\HttpKernel\Exception\NotFoundHttpException: No route found for "GET /js/nivo/jquery.nivo.slider.js" (uncaught exception) at C:\wamp\www\ocw-manager\app\cache\prod\classes.php line 4584 [] []
[2012-08-07 20:14:18] request.ERROR: Symfony\Component\HttpKernel\Exception\NotFoundHttpException: No route found for "GET /images/slide2.jpg" (uncaught exception) at C:\wamp\www\ocw-manager\app\cache\prod\classes.php line 4584 [] []
[2012-08-07 20:14:18] request.ERROR: Symfony\Component\HttpKernel\Exception\NotFoundHttpException: No route found for "GET /images/slide1.jpg" (uncaught exception) at C:\wamp\www\ocw-manager\app\cache\prod\classes.php line 4584 [] []
[2012-08-07 20:14:19] request.ERROR: Symfony\Component\HttpKernel\Exception\NotFoundHttpException: No route found for "GET /images/slide3.jpg" (uncaught exception) at C:\wamp\www\ocw-manager\app\cache\prod\classes.php line 4584 [] []
[2012-08-07 20:14:19] request.ERROR: Symfony\Component\HttpKernel\Exception\NotFoundHttpException: No route found for "GET /js/nivo/jquery.orbit-1.2.3.min.js" (uncaught exception) at C:\wamp\www\ocw-manager\app\cache\prod\classes.php line 4584 [] []
[2012-08-07 20:14:19] request.ERROR: Symfony\Component\HttpKernel\Exception\NotFoundHttpException: No route found for "GET /js/jquery-1.7.2.min.js" (uncaught exception) at C:\wamp\www\ocw-manager\app\cache\prod\classes.php line 4584 [] []
[2012-08-07 20:14:19] request.ERROR: Symfony\Component\HttpKernel\Exception\NotFoundHttpException: No route found for "GET /images/slide4.jpg" (uncaught exception) at C:\wamp\www\ocw-manager\app\cache\prod\classes.php line 4584 [] []
[2012-08-07 20:14:19] request.ERROR: Symfony\Component\HttpKernel\Exception\NotFoundHttpException: No route found for "GET /images/slide5.jpg" (uncaught exception) at C:\wamp\www\ocw-manager\app\cache\prod\classes.php line 4584 [] []
[2012-08-07 20:14:19] request.ERROR: Symfony\Component\HttpKernel\Exception\NotFoundHttpException: No route found for "GET /images/slide1.jpg" (uncaught exception) at C:\wamp\www\ocw-manager\app\cache\prod\classes.php line 4584 [] []
[2012-08-07 20:14:19] request.ERROR: Symfony\Component\HttpKernel\Exception\NotFoundHttpException: No route found for "GET /images/slide3.jpg" (uncaught exception) at C:\wamp\www\ocw-manager\app\cache\prod\classes.php line 4584 [] []
[2012-08-07 20:14:19] request.ERROR: Symfony\Component\HttpKernel\Exception\NotFoundHttpException: No route found for "GET /images/slide2.jpg" (uncaught exception) at C:\wamp\www\ocw-manager\app\cache\prod\classes.php line 4584 [] []
[2012-08-07 20:14:20] request.ERROR: Symfony\Component\HttpKernel\Exception\NotFoundHttpException: No route found for "GET /js/nivo/jquery.nivo.slider.js" (uncaught exception) at C:\wamp\www\ocw-manager\app\cache\prod\classes.php line 4584 [] []
[2012-08-07 20:14:20] request.ERROR: Symfony\Component\HttpKernel\Exception\NotFoundHttpException: No route found for "GET /js/nivo/jquery.orbit-1.2.3.min.js" (uncaught exception) at C:\wamp\www\ocw-manager\app\cache\prod\classes.php line 4584 [] []
[2012-08-07 20:23:52] request.ERROR: Symfony\Component\HttpKernel\Exception\NotFoundHttpException: No route found for "GET /images/slide1.jpg" (uncaught exception) at C:\wamp\www\ocw-manager\app\cache\prod\classes.php line 4584 [] []
[2012-08-07 20:23:52] request.ERROR: Symfony\Component\HttpKernel\Exception\NotFoundHttpException: No route found for "GET /js/orbit-1.2.3.min.js" (uncaught exception) at C:\wamp\www\ocw-manager\app\cache\prod\classes.php line 4584 [] []
[2012-08-07 20:23:53] request.ERROR: Symfony\Component\HttpKernel\Exception\NotFoundHttpException: No route found for "GET /images/slide3.jpg" (uncaught exception) at C:\wamp\www\ocw-manager\app\cache\prod\classes.php line 4584 [] []
[2012-08-07 20:23:53] request.ERROR: Symfony\Component\HttpKernel\Exception\NotFoundHttpException: No route found for "GET /images/slide5.jpg" (uncaught exception) at C:\wamp\www\ocw-manager\app\cache\prod\classes.php line 4584 [] []
[2012-08-07 20:23:53] request.ERROR: Symfony\Component\HttpKernel\Exception\NotFoundHttpException: No route found for "GET /images/slide2.jpg" (uncaught exception) at C:\wamp\www\ocw-manager\app\cache\prod\classes.php line 4584 [] []
[2012-08-07 20:23:53] request.ERROR: Symfony\Component\HttpKernel\Exception\NotFoundHttpException: No route found for "GET /images/slide4.jpg" (uncaught exception) at C:\wamp\www\ocw-manager\app\cache\prod\classes.php line 4584 [] []
[2012-08-07 20:29:10] request.ERROR: Symfony\Component\HttpKernel\Exception\NotFoundHttpException: No route found for "GET /images/slide2.jpg" (uncaught exception) at C:\wamp\www\ocw-manager\app\cache\prod\classes.php line 4584 [] []
[2012-08-07 20:29:10] request.ERROR: Symfony\Component\HttpKernel\Exception\NotFoundHttpException: No route found for "GET /js/orbit-1.2.3.min.js" (uncaught exception) at C:\wamp\www\ocw-manager\app\cache\prod\classes.php line 4584 [] []
[2012-08-07 20:29:10] request.ERROR: Symfony\Component\HttpKernel\Exception\NotFoundHttpException: No route found for "GET /images/slide1.jpg" (uncaught exception) at C:\wamp\www\ocw-manager\app\cache\prod\classes.php line 4584 [] []
[2012-08-07 20:29:10] request.ERROR: Symfony\Component\HttpKernel\Exception\NotFoundHttpException: No route found for "GET /images/slide3.jpg" (uncaught exception) at C:\wamp\www\ocw-manager\app\cache\prod\classes.php line 4584 [] []
[2012-08-07 20:29:10] request.ERROR: Symfony\Component\HttpKernel\Exception\NotFoundHttpException: No route found for "GET /images/slide4.jpg" (uncaught exception) at C:\wamp\www\ocw-manager\app\cache\prod\classes.php line 4584 [] []
[2012-08-07 20:29:10] request.ERROR: Symfony\Component\HttpKernel\Exception\NotFoundHttpException: No route found for "GET /images/slide5.jpg" (uncaught exception) at C:\wamp\www\ocw-manager\app\cache\prod\classes.php line 4584 [] []
[2012-08-07 20:29:11] request.ERROR: Symfony\Component\HttpKernel\Exception\NotFoundHttpException: No route found for "GET /js/orbit-1.2.3.min.js" (uncaught exception) at C:\wamp\www\ocw-manager\app\cache\prod\classes.php line 4584 [] []
[2012-08-07 20:29:11] request.ERROR: Symfony\Component\HttpKernel\Exception\NotFoundHttpException: No route found for "GET /images/slide2.jpg" (uncaught exception) at C:\wamp\www\ocw-manager\app\cache\prod\classes.php line 4584 [] []
[2012-08-07 20:31:04] request.ERROR: Symfony\Component\HttpKernel\Exception\NotFoundHttpException: No route found for "GET /images/slide3.jpg" (uncaught exception) at C:\wamp\www\ocw-manager\app\cache\prod\classes.php line 4584 [] []
[2012-08-07 20:31:05] request.ERROR: Symfony\Component\HttpKernel\Exception\NotFoundHttpException: No route found for "GET /images/slide5.jpg" (uncaught exception) at C:\wamp\www\ocw-manager\app\cache\prod\classes.php line 4584 [] []
[2012-08-07 20:31:05] request.ERROR: Symfony\Component\HttpKernel\Exception\NotFoundHttpException: No route found for "GET /images/slide2.jpg" (uncaught exception) at C:\wamp\www\ocw-manager\app\cache\prod\classes.php line 4584 [] []
[2012-08-07 20:31:05] request.ERROR: Symfony\Component\HttpKernel\Exception\NotFoundHttpException: No route found for "GET /images/slide4.jpg" (uncaught exception) at C:\wamp\www\ocw-manager\app\cache\prod\classes.php line 4584 [] []
[2012-08-07 20:31:05] request.ERROR: Symfony\Component\HttpKernel\Exception\NotFoundHttpException: No route found for "GET /images/slide1.jpg" (uncaught exception) at C:\wamp\www\ocw-manager\app\cache\prod\classes.php line 4584 [] []
[2012-08-07 20:31:05] request.ERROR: Symfony\Component\HttpKernel\Exception\NotFoundHttpException: No route found for "GET /js/orbit-1.2.3.min.js" (uncaught exception) at C:\wamp\www\ocw-manager\app\cache\prod\classes.php line 4584 [] []
[2012-08-07 20:37:07] request.ERROR: Symfony\Component\HttpKernel\Exception\NotFoundHttpException: No route found for "GET /js/orbit-1.2.3.min.js" (uncaught exception) at C:\wamp\www\ocw-manager\app\cache\prod\classes.php line 4584 [] []
[2012-08-07 20:37:07] request.ERROR: Symfony\Component\HttpKernel\Exception\NotFoundHttpException: No route found for "GET /images/slide1.jpg" (uncaught exception) at C:\wamp\www\ocw-manager\app\cache\prod\classes.php line 4584 [] []
[2012-08-07 20:37:08] request.ERROR: Symfony\Component\HttpKernel\Exception\NotFoundHttpException: No route found for "GET /images/slide3.jpg" (uncaught exception) at C:\wamp\www\ocw-manager\app\cache\prod\classes.php line 4584 [] []
[2012-08-07 20:37:08] request.ERROR: Symfony\Component\HttpKernel\Exception\NotFoundHttpException: No route found for "GET /images/slide2.jpg" (uncaught exception) at C:\wamp\www\ocw-manager\app\cache\prod\classes.php line 4584 [] []
[2012-08-07 20:37:08] request.ERROR: Symfony\Component\HttpKernel\Exception\NotFoundHttpException: No route found for "GET /images/slide5.jpg" (uncaught exception) at C:\wamp\www\ocw-manager\app\cache\prod\classes.php line 4584 [] []
[2012-08-07 20:37:08] request.ERROR: Symfony\Component\HttpKernel\Exception\NotFoundHttpException: No route found for "GET /images/slide4.jpg" (uncaught exception) at C:\wamp\www\ocw-manager\app\cache\prod\classes.php line 4584 [] []
[2012-08-07 20:37:08] request.ERROR: Symfony\Component\HttpKernel\Exception\NotFoundHttpException: No route found for "GET /images/slide1.jpg" (uncaught exception) at C:\wamp\www\ocw-manager\app\cache\prod\classes.php line 4584 [] []
[2012-08-07 20:37:08] request.ERROR: Symfony\Component\HttpKernel\Exception\NotFoundHttpException: No route found for "GET /js/orbit-1.2.3.min.js" (uncaught exception) at C:\wamp\www\ocw-manager\app\cache\prod\classes.php line 4584 [] []
[2012-08-07 20:38:45] request.ERROR: Symfony\Component\HttpKernel\Exception\NotFoundHttpException: No route found for "GET /images/slide3.jpg" (uncaught exception) at C:\wamp\www\ocw-manager\app\cache\prod\classes.php line 4584 [] []
[2012-08-07 20:38:45] request.ERROR: Symfony\Component\HttpKernel\Exception\NotFoundHttpException: No route found for "GET /images/slide1.jpg" (uncaught exception) at C:\wamp\www\ocw-manager\app\cache\prod\classes.php line 4584 [] []
[2012-08-07 20:38:45] request.ERROR: Symfony\Component\HttpKernel\Exception\NotFoundHttpException: No route found for "GET /images/slide2.jpg" (uncaught exception) at C:\wamp\www\ocw-manager\app\cache\prod\classes.php line 4584 [] []
[2012-08-07 20:38:45] request.ERROR: Symfony\Component\HttpKernel\Exception\NotFoundHttpException: No route found for "GET /images/slide4.jpg" (uncaught exception) at C:\wamp\www\ocw-manager\app\cache\prod\classes.php line 4584 [] []
[2012-08-07 20:38:45] request.ERROR: Symfony\Component\HttpKernel\Exception\NotFoundHttpException: No route found for "GET /images/slide5.jpg" (uncaught exception) at C:\wamp\www\ocw-manager\app\cache\prod\classes.php line 4584 [] []
[2012-08-07 20:38:45] request.ERROR: Symfony\Component\HttpKernel\Exception\NotFoundHttpException: No route found for "GET /js/orbit-1.2.3.min.js" (uncaught exception) at C:\wamp\www\ocw-manager\app\cache\prod\classes.php line 4584 [] []
[2012-08-07 20:39:26] request.ERROR: Symfony\Component\HttpKernel\Exception\NotFoundHttpException: No route found for "GET /images/slide1.jpg" (uncaught exception) at C:\wamp\www\ocw-manager\app\cache\prod\classes.php line 4584 [] []
[2012-08-07 20:39:26] request.ERROR: Symfony\Component\HttpKernel\Exception\NotFoundHttpException: No route found for "GET /images/slide4.jpg" (uncaught exception) at C:\wamp\www\ocw-manager\app\cache\prod\classes.php line 4584 [] []
[2012-08-07 20:39:26] request.ERROR: Symfony\Component\HttpKernel\Exception\NotFoundHttpException: No route found for "GET /js/orbit-1.2.3.min.js" (uncaught exception) at C:\wamp\www\ocw-manager\app\cache\prod\classes.php line 4584 [] []
[2012-08-07 20:39:26] request.ERROR: Symfony\Component\HttpKernel\Exception\NotFoundHttpException: No route found for "GET /images/slide2.jpg" (uncaught exception) at C:\wamp\www\ocw-manager\app\cache\prod\classes.php line 4584 [] []
[2012-08-07 20:39:27] request.ERROR: Symfony\Component\HttpKernel\Exception\NotFoundHttpException: No route found for "GET /images/slide5.jpg" (uncaught exception) at C:\wamp\www\ocw-manager\app\cache\prod\classes.php line 4584 [] []
[2012-08-07 20:39:27] request.ERROR: Symfony\Component\HttpKernel\Exception\NotFoundHttpException: No route found for "GET /images/slide3.jpg" (uncaught exception) at C:\wamp\www\ocw-manager\app\cache\prod\classes.php line 4584 [] []
[2012-08-07 20:40:09] request.ERROR: Symfony\Component\HttpKernel\Exception\NotFoundHttpException: No route found for "GET /js/orbit-1.2.3.min.js" (uncaught exception) at C:\wamp\www\ocw-manager\app\cache\prod\classes.php line 4584 [] []
[2012-08-07 20:40:09] request.ERROR: Symfony\Component\HttpKernel\Exception\NotFoundHttpException: No route found for "GET /images/slide1.jpg" (uncaught exception) at C:\wamp\www\ocw-manager\app\cache\prod\classes.php line 4584 [] []
[2012-08-07 20:40:09] request.ERROR: Symfony\Component\HttpKernel\Exception\NotFoundHttpException: No route found for "GET /images/slide5.jpg" (uncaught exception) at C:\wamp\www\ocw-manager\app\cache\prod\classes.php line 4584 [] []
[2012-08-07 20:40:10] request.ERROR: Symfony\Component\HttpKernel\Exception\NotFoundHttpException: No route found for "GET /images/slide2.jpg" (uncaught exception) at C:\wamp\www\ocw-manager\app\cache\prod\classes.php line 4584 [] []
[2012-08-07 20:40:10] request.ERROR: Symfony\Component\HttpKernel\Exception\NotFoundHttpException: No route found for "GET /images/slide3.jpg" (uncaught exception) at C:\wamp\www\ocw-manager\app\cache\prod\classes.php line 4584 [] []
[2012-08-07 20:40:10] request.ERROR: Symfony\Component\HttpKernel\Exception\NotFoundHttpException: No route found for "GET /images/slide4.jpg" (uncaught exception) at C:\wamp\www\ocw-manager\app\cache\prod\classes.php line 4584 [] []
[2012-08-07 20:40:26] request.ERROR: Symfony\Component\HttpKernel\Exception\NotFoundHttpException: No route found for "GET /images/slide1.jpg" (uncaught exception) at C:\wamp\www\ocw-manager\app\cache\prod\classes.php line 4584 [] []
[2012-08-07 20:40:26] request.ERROR: Symfony\Component\HttpKernel\Exception\NotFoundHttpException: No route found for "GET /images/slide2.jpg" (uncaught exception) at C:\wamp\www\ocw-manager\app\cache\prod\classes.php line 4584 [] []
[2012-08-07 20:40:26] request.ERROR: Symfony\Component\HttpKernel\Exception\NotFoundHttpException: No route found for "GET /images/slide4.jpg" (uncaught exception) at C:\wamp\www\ocw-manager\app\cache\prod\classes.php line 4584 [] []
[2012-08-07 20:40:26] request.ERROR: Symfony\Component\HttpKernel\Exception\NotFoundHttpException: No route found for "GET /images/slide3.jpg" (uncaught exception) at C:\wamp\www\ocw-manager\app\cache\prod\classes.php line 4584 [] []
[2012-08-07 20:40:27] request.ERROR: Symfony\Component\HttpKernel\Exception\NotFoundHttpException: No route found for "GET /images/slide5.jpg" (uncaught exception) at C:\wamp\www\ocw-manager\app\cache\prod\classes.php line 4584 [] []
[2012-08-07 20:40:39] request.ERROR: Symfony\Component\HttpKernel\Exception\NotFoundHttpException: No route found for "GET /images/slide1.jpg" (uncaught exception) at C:\wamp\www\ocw-manager\app\cache\prod\classes.php line 4584 [] []
[2012-08-07 20:40:39] request.ERROR: Symfony\Component\HttpKernel\Exception\NotFoundHttpException: No route found for "GET /images/slide5.jpg" (uncaught exception) at C:\wamp\www\ocw-manager\app\cache\prod\classes.php line 4584 [] []
[2012-08-07 20:40:39] request.ERROR: Symfony\Component\HttpKernel\Exception\NotFoundHttpException: No route found for "GET /images/slide3.jpg" (uncaught exception) at C:\wamp\www\ocw-manager\app\cache\prod\classes.php line 4584 [] []
[2012-08-07 20:40:39] request.ERROR: Symfony\Component\HttpKernel\Exception\NotFoundHttpException: No route found for "GET /images/slide2.jpg" (uncaught exception) at C:\wamp\www\ocw-manager\app\cache\prod\classes.php line 4584 [] []
[2012-08-07 20:40:39] request.ERROR: Symfony\Component\HttpKernel\Exception\NotFoundHttpException: No route found for "GET /js/orbit-1.2.3.min.js" (uncaught exception) at C:\wamp\www\ocw-manager\app\cache\prod\classes.php line 4584 [] []
[2012-08-07 20:40:39] request.ERROR: Symfony\Component\HttpKernel\Exception\NotFoundHttpException: No route found for "GET /images/slide4.jpg" (uncaught exception) at C:\wamp\www\ocw-manager\app\cache\prod\classes.php line 4584 [] []
[2012-08-07 20:43:29] request.ERROR: Symfony\Component\HttpKernel\Exception\NotFoundHttpException: No route found for "GET /js/orbit-1.2.3.min.js" (uncaught exception) at C:\wamp\www\ocw-manager\app\cache\prod\classes.php line 4584 [] []
[2012-08-07 20:43:29] request.ERROR: Symfony\Component\HttpKernel\Exception\NotFoundHttpException: No route found for "GET /js/orbit-1.2.3.min.js" (uncaught exception) at C:\wamp\www\ocw-manager\app\cache\prod\classes.php line 4584 [] []
[2012-08-07 20:44:24] request.ERROR: Symfony\Component\HttpKernel\Exception\NotFoundHttpException: No route found for "GET /js/orbit-1.2.3.min.js" (uncaught exception) at C:\wamp\www\ocw-manager\app\cache\prod\classes.php line 4584 [] []
[2012-08-07 23:48:17] request.ERROR: Symfony\Component\HttpKernel\Exception\NotFoundHttpException: No route found for "GET /images/background.jpg" (uncaught exception) at C:\wamp\www\ocw-manager\app\cache\prod\classes.php line 4584 [] []
[2012-08-07 23:48:28] request.ERROR: Symfony\Component\HttpKernel\Exception\NotFoundHttpException: No route found for "GET /images/background.jpg" (uncaught exception) at C:\wamp\www\ocw-manager\app\cache\prod\classes.php line 4584 [] []
[2012-08-07 23:49:43] request.ERROR: Symfony\Component\HttpKernel\Exception\NotFoundHttpException: No route found for "GET /images/background.jpg" (uncaught exception) at C:\wamp\www\ocw-manager\app\cache\prod\classes.php line 4584 [] []
[2012-08-07 23:50:03] request.ERROR: Symfony\Component\HttpKernel\Exception\NotFoundHttpException: No route found for "GET /images/background.jpg" (uncaught exception) at C:\wamp\www\ocw-manager\app\cache\prod\classes.php line 4584 [] []
[2012-08-08 14:34:14] request.ERROR: Symfony\Component\HttpKernel\Exception\NotFoundHttpException: No route found for "GET /" (uncaught exception) at C:\wamp\www\ocw-manager\app\cache\prod\classes.php line 4584 [] []
